<?xml version="1.0" encoding="UTF-8"?>
<!-- Generated by org.testng.reporters.JUnitXMLReporter -->
<testsuite ignored="0" hostname="DESKTOP-8GPJC4Q" failures="0" tests="6" name="Test" time="0.129" errors="0" timestamp="2022-10-31T17:46:09 IST">
  <testcase classname="grouping.testclass1" name="TC01" time="0.02"/>
  <testcase classname="grouping.testclass2" name="TC01" time="0.02"/>
  <testcase classname="grouping.testclass1" name="TC02" time="0.002"/>
  <testcase classname="grouping.testclass1" name="TC03" time="0.008"/>
  <testcase classname="grouping.testclass2" name="TC02" time="0.014"/>
  <testcase classname="grouping.testclass2" name="TC03" time="0.003"/>
</testsuite> <!-- Test -->
