<?xml version="1.0" encoding="UTF-8"?>
<!-- Generated by org.testng.reporters.JUnitXMLReporter -->
<testsuite ignored="0" hostname="DESKTOP-8GPJC4Q" failures="0" tests="3" name="GRP-resister" time="0.103" errors="0" timestamp="2022-10-28T13:43:02 IST">
  <testcase classname="grouping.testclass1" name="TC01" time="0.013"/>
  <testcase classname="grouping.testclass1" name="TC02" time="0.002"/>
  <testcase classname="grouping.testclass1" name="TC03" time="0.003"/>
</testsuite> <!-- GRP-resister -->
