<?xml version="1.0" encoding="UTF-8"?>
<!-- Generated by org.testng.reporters.JUnitXMLReporter -->
<testsuite ignored="2" hostname="DESKTOP-8GPJC4Q" failures="1" tests="1" name="Default test(failed)(failed)(failed)(failed)(failed)(failed)" time="0.103" errors="0" timestamp="2022-11-04T11:24:49 IST">
  <testcase classname="grouping.testclass1" name="TC03" time="0.019">
    <failure type="java.lang.AssertionError" message="null">
      <![CDATA[java.lang.AssertionError: null
at grouping.testclass1.TC03(testclass1.java:20)
at java.base/java.util.ArrayList.forEach(ArrayList.java:1511)
... Removed 29 stack frames]]>
    </failure>
  </testcase> <!-- TC03 -->
  <testcase classname="grouping.testclass1" name="TC01" time="0.0">
    <ignored/>
  </testcase> <!-- TC01 -->
  <testcase classname="grouping.testclass1" name="TC02" time="0.0">
    <ignored/>
  </testcase> <!-- TC02 -->
</testsuite> <!-- Default test(failed)(failed)(failed)(failed)(failed)(failed) -->
